Jun 26 09:30:43.366 INFO Starting: C:\Program Files\Microsoft VS Code\Code.exe, false
Jun 26 09:30:43.366 INFO Checking for running Code.exe processes... (attempt 1)
Jun 26 09:30:43.366 INFO Code.exe is running, wait a bit
Jun 26 09:30:43.882 INFO Checking for running Code.exe processes... (attempt 2)
Jun 26 09:30:43.898 INFO Code.exe is running, wait a bit
Jun 26 09:30:44.412 INFO Checking for running Code.exe processes... (attempt 3)
Jun 26 09:30:44.428 INFO Code.exe is not running
Jun 26 09:30:44.428 INFO Checking for possible conflicting running processes... (attempt 1)
Jun 26 09:30:44.428 INFO Inno Updater v0.4.3
Jun 26 09:30:44.444 INFO Starting update, silent = false
Jun 26 09:30:44.539 INFO do_update: "C:\\Program Files\\Microsoft VS Code\\Code.exe", _
Jun 26 09:30:44.539 INFO move_update: "C:\\Program Files\\Microsoft VS Code\\unins000.dat", _
Jun 26 09:30:44.539 INFO Delete: "api-ms-win-core-console-l1-1-0.dll" (attempt 1)
Jun 26 09:30:44.539 INFO Delete: "api-ms-win-core-datetime-l1-1-0.dll" (attempt 1)
Jun 26 09:30:44.539 INFO Delete: "api-ms-win-core-debug-l1-1-0.dll" (attempt 1)
Jun 26 09:30:44.539 INFO Delete: "api-ms-win-core-errorhandling-l1-1-0.dll" (attempt 1)
Jun 26 09:30:44.539 INFO Delete: "api-ms-win-core-file-l1-1-0.dll" (attempt 1)
Jun 26 09:30:44.539 INFO Delete: "api-ms-win-core-file-l1-2-0.dll" (attempt 1)
Jun 26 09:30:44.539 INFO Delete: "api-ms-win-core-file-l2-1-0.dll" (attempt 1)
Jun 26 09:30:44.539 INFO Delete: "api-ms-win-core-handle-l1-1-0.dll" (attempt 1)
Jun 26 09:30:44.539 INFO Delete: "api-ms-win-core-heap-l1-1-0.dll" (attempt 1)
Jun 26 09:30:44.539 INFO Delete: "api-ms-win-core-interlocked-l1-1-0.dll" (attempt 1)
Jun 26 09:30:44.539 INFO Delete: "api-ms-win-core-libraryloader-l1-1-0.dll" (attempt 1)
Jun 26 09:30:44.539 INFO Delete: "api-ms-win-core-localization-l1-2-0.dll" (attempt 1)
Jun 26 09:30:44.539 INFO Delete: "api-ms-win-core-memory-l1-1-0.dll" (attempt 1)
Jun 26 09:30:44.539 INFO Delete: "api-ms-win-core-namedpipe-l1-1-0.dll" (attempt 1)
Jun 26 09:30:44.539 INFO Delete: "api-ms-win-core-processenvironment-l1-1-0.dll" (attempt 1)
Jun 26 09:30:44.539 INFO Delete: "api-ms-win-core-processthreads-l1-1-0.dll" (attempt 1)
Jun 26 09:30:44.539 INFO Delete: "api-ms-win-core-processthreads-l1-1-1.dll" (attempt 1)
Jun 26 09:30:44.539 INFO Delete: "api-ms-win-core-profile-l1-1-0.dll" (attempt 1)
Jun 26 09:30:44.539 INFO Delete: "api-ms-win-core-rtlsupport-l1-1-0.dll" (attempt 1)
Jun 26 09:30:44.539 INFO Delete: "api-ms-win-core-string-l1-1-0.dll" (attempt 1)
Jun 26 09:30:44.539 INFO Delete: "api-ms-win-core-synch-l1-1-0.dll" (attempt 1)
Jun 26 09:30:44.539 INFO Delete: "api-ms-win-core-synch-l1-2-0.dll" (attempt 1)
Jun 26 09:30:44.539 INFO Delete: "api-ms-win-core-sysinfo-l1-1-0.dll" (attempt 1)
Jun 26 09:30:44.539 INFO Delete: "api-ms-win-core-timezone-l1-1-0.dll" (attempt 1)
Jun 26 09:30:44.539 INFO Delete: "api-ms-win-core-util-l1-1-0.dll" (attempt 1)
Jun 26 09:30:44.539 INFO Delete: "api-ms-win-crt-conio-l1-1-0.dll" (attempt 1)
Jun 26 09:30:44.539 INFO Delete: "api-ms-win-crt-convert-l1-1-0.dll" (attempt 1)
Jun 26 09:30:44.539 INFO Delete: "api-ms-win-crt-environment-l1-1-0.dll" (attempt 1)
Jun 26 09:30:44.555 INFO Delete: "api-ms-win-crt-filesystem-l1-1-0.dll" (attempt 1)
Jun 26 09:30:44.555 INFO Delete: "api-ms-win-crt-heap-l1-1-0.dll" (attempt 1)
Jun 26 09:30:44.555 INFO Delete: "api-ms-win-crt-locale-l1-1-0.dll" (attempt 1)
Jun 26 09:30:44.555 INFO Delete: "api-ms-win-crt-math-l1-1-0.dll" (attempt 1)
Jun 26 09:30:44.555 INFO Delete: "api-ms-win-crt-multibyte-l1-1-0.dll" (attempt 1)
Jun 26 09:30:44.555 INFO Delete: "api-ms-win-crt-private-l1-1-0.dll" (attempt 1)
Jun 26 09:30:44.555 INFO Delete: "api-ms-win-crt-process-l1-1-0.dll" (attempt 1)
Jun 26 09:30:44.555 INFO Delete: "api-ms-win-crt-runtime-l1-1-0.dll" (attempt 1)
Jun 26 09:30:44.555 INFO Delete: "api-ms-win-crt-stdio-l1-1-0.dll" (attempt 1)
Jun 26 09:30:44.555 INFO Delete: "api-ms-win-crt-string-l1-1-0.dll" (attempt 1)
Jun 26 09:30:44.555 INFO Delete: "api-ms-win-crt-time-l1-1-0.dll" (attempt 1)
Jun 26 09:30:44.555 INFO Delete: "api-ms-win-crt-utility-l1-1-0.dll" (attempt 1)
Jun 26 09:30:44.555 INFO Delete: "bin" (attempt 1)
Jun 26 09:30:44.555 INFO Delete: "blink_image_resources_200_percent.pak" (attempt 1)
Jun 26 09:30:44.555 INFO Delete: "Code.exe" (attempt 1)
Jun 26 09:30:44.555 INFO Delete: "Code.VisualElementsManifest.xml" (attempt 1)
Jun 26 09:30:44.555 INFO Delete: "CodeSignSummary.md" (attempt 1)
Jun 26 09:30:44.555 INFO Delete: "content_resources_200_percent.pak" (attempt 1)
Jun 26 09:30:44.555 INFO Delete: "content_shell.pak" (attempt 1)
Jun 26 09:30:44.555 INFO Delete: "d3dcompiler_47.dll" (attempt 1)
Jun 26 09:30:44.570 INFO Delete: "ffmpeg.dll" (attempt 1)
Jun 26 09:30:44.570 INFO Delete: "icudtl.dat" (attempt 1)
Jun 26 09:30:44.570 INFO Delete: "libEGL.dll" (attempt 1)
Jun 26 09:30:44.570 INFO Delete: "libGLESv2.dll" (attempt 1)
Jun 26 09:30:44.570 INFO Delete: "locales" (attempt 1)
Jun 26 09:30:44.586 INFO Delete: "msvcp140.dll" (attempt 1)
Jun 26 09:30:44.586 INFO Delete: "natives_blob.bin" (attempt 1)
Jun 26 09:30:44.586 INFO Delete: "node.dll" (attempt 1)
Jun 26 09:30:44.586 INFO Delete: "pdf_viewer_resources.pak" (attempt 1)
Jun 26 09:30:44.586 INFO Delete: "resources" (attempt 1)
Jun 26 09:30:47.215 INFO Delete: "snapshot_blob.bin" (attempt 1)
Jun 26 09:30:47.215 INFO Delete: "ucrtbase.dll" (attempt 1)
Jun 26 09:30:47.215 INFO Delete: "ui_resources_200_percent.pak" (attempt 1)
Jun 26 09:30:47.215 INFO Delete: "vcruntime140.dll" (attempt 1)
Jun 26 09:30:47.215 INFO Delete: "views_resources_200_percent.pak" (attempt 1)
Jun 26 09:30:47.215 INFO Rename: "api-ms-win-core-console-l1-1-0.dll" (attempt 1)
Jun 26 09:30:47.246 INFO Rename: "api-ms-win-core-datetime-l1-1-0.dll" (attempt 1)
Jun 26 09:30:47.246 INFO Rename: "api-ms-win-core-debug-l1-1-0.dll" (attempt 1)
Jun 26 09:30:47.246 INFO Rename: "api-ms-win-core-errorhandling-l1-1-0.dll" (attempt 1)
Jun 26 09:30:47.246 INFO Rename: "api-ms-win-core-file-l1-1-0.dll" (attempt 1)
Jun 26 09:30:47.246 INFO Rename: "api-ms-win-core-file-l1-2-0.dll" (attempt 1)
Jun 26 09:30:47.246 INFO Rename: "api-ms-win-core-file-l2-1-0.dll" (attempt 1)
Jun 26 09:30:47.246 INFO Rename: "api-ms-win-core-handle-l1-1-0.dll" (attempt 1)
Jun 26 09:30:47.246 INFO Rename: "api-ms-win-core-heap-l1-1-0.dll" (attempt 1)
Jun 26 09:30:47.246 INFO Rename: "api-ms-win-core-interlocked-l1-1-0.dll" (attempt 1)
Jun 26 09:30:47.246 INFO Rename: "api-ms-win-core-libraryloader-l1-1-0.dll" (attempt 1)
Jun 26 09:30:47.246 INFO Rename: "api-ms-win-core-localization-l1-2-0.dll" (attempt 1)
Jun 26 09:30:47.246 INFO Rename: "api-ms-win-core-memory-l1-1-0.dll" (attempt 1)
Jun 26 09:30:47.246 INFO Rename: "api-ms-win-core-namedpipe-l1-1-0.dll" (attempt 1)
Jun 26 09:30:47.262 INFO Rename: "api-ms-win-core-processenvironment-l1-1-0.dll" (attempt 1)
Jun 26 09:30:47.262 INFO Rename: "api-ms-win-core-processthreads-l1-1-0.dll" (attempt 1)
Jun 26 09:30:47.262 INFO Rename: "api-ms-win-core-processthreads-l1-1-1.dll" (attempt 1)
Jun 26 09:30:47.262 INFO Rename: "api-ms-win-core-profile-l1-1-0.dll" (attempt 1)
Jun 26 09:30:47.262 INFO Rename: "api-ms-win-core-rtlsupport-l1-1-0.dll" (attempt 1)
Jun 26 09:30:47.262 INFO Rename: "api-ms-win-core-string-l1-1-0.dll" (attempt 1)
Jun 26 09:30:47.262 INFO Rename: "api-ms-win-core-synch-l1-1-0.dll" (attempt 1)
Jun 26 09:30:47.262 INFO Rename: "api-ms-win-core-synch-l1-2-0.dll" (attempt 1)
Jun 26 09:30:47.262 INFO Rename: "api-ms-win-core-sysinfo-l1-1-0.dll" (attempt 1)
Jun 26 09:30:47.262 INFO Rename: "api-ms-win-core-timezone-l1-1-0.dll" (attempt 1)
Jun 26 09:30:47.262 INFO Rename: "api-ms-win-core-util-l1-1-0.dll" (attempt 1)
Jun 26 09:30:47.262 INFO Rename: "api-ms-win-crt-conio-l1-1-0.dll" (attempt 1)
Jun 26 09:30:47.262 INFO Rename: "api-ms-win-crt-convert-l1-1-0.dll" (attempt 1)
Jun 26 09:30:47.262 INFO Rename: "api-ms-win-crt-environment-l1-1-0.dll" (attempt 1)
Jun 26 09:30:47.262 INFO Rename: "api-ms-win-crt-filesystem-l1-1-0.dll" (attempt 1)
Jun 26 09:30:47.262 INFO Rename: "api-ms-win-crt-heap-l1-1-0.dll" (attempt 1)
Jun 26 09:30:47.262 INFO Rename: "api-ms-win-crt-locale-l1-1-0.dll" (attempt 1)
Jun 26 09:30:47.262 INFO Rename: "api-ms-win-crt-math-l1-1-0.dll" (attempt 1)
Jun 26 09:30:47.262 INFO Rename: "api-ms-win-crt-multibyte-l1-1-0.dll" (attempt 1)
Jun 26 09:30:47.262 INFO Rename: "api-ms-win-crt-private-l1-1-0.dll" (attempt 1)
Jun 26 09:30:47.262 INFO Rename: "api-ms-win-crt-process-l1-1-0.dll" (attempt 1)
Jun 26 09:30:47.278 INFO Rename: "api-ms-win-crt-runtime-l1-1-0.dll" (attempt 1)
Jun 26 09:30:47.278 INFO Rename: "api-ms-win-crt-stdio-l1-1-0.dll" (attempt 1)
Jun 26 09:30:47.278 INFO Rename: "api-ms-win-crt-string-l1-1-0.dll" (attempt 1)
Jun 26 09:30:47.278 INFO Rename: "api-ms-win-crt-time-l1-1-0.dll" (attempt 1)
Jun 26 09:30:47.278 INFO Rename: "api-ms-win-crt-utility-l1-1-0.dll" (attempt 1)
Jun 26 09:30:47.278 INFO Rename: "bin" (attempt 1)
Jun 26 09:30:47.278 INFO Rename: "blink_image_resources_200_percent.pak" (attempt 1)
Jun 26 09:30:47.278 INFO Rename: "Code.exe" (attempt 1)
Jun 26 09:30:47.340 INFO Rename: "Code.exe" (attempt 2)
Jun 26 09:30:47.543 INFO Rename: "Code.exe" (attempt 3)
Jun 26 09:30:47.996 INFO Rename: "Code.exe" (attempt 4)
Jun 26 09:30:48.799 INFO Rename: "Code.exe" (attempt 5)
Jun 26 09:30:50.056 INFO Rename: "Code.exe" (attempt 6)
Jun 26 09:30:51.872 INFO Rename: "Code.exe" (attempt 7)
Jun 26 09:30:54.327 INFO Rename: "Code.exe" (attempt 8)
Jun 26 09:30:57.530 INFO Rename: "Code.exe" (attempt 9)
Jun 26 09:31:01.594 INFO Rename: "Code.exe" (attempt 10)
Jun 26 09:31:06.601 INFO Rename: "Code.exe" (attempt 11)
Jun 26 09:31:06.601 ERRO Access is denied. (os error 5)
